#
# There is insufficient memory for the Java Runtime Environment to continue.
# Native memory allocation (mmap) failed to map 532676608 bytes for Failed to commit area from 0x0000000604400000 to 0x0000000624000000 of length 532676608.
# Possible reasons:
#   The system is out of physical RAM or swap space
#   The process is running with CompressedOops enabled, and the Java Heap may be blocking the growth of the native heap
# Possible solutions:
#   Reduce memory load on the system
#   Increase physical memory or swap space
#   Check if swap backing store is full
#   Decrease Java heap size (-Xmx/-Xms)
#   Decrease number of Java threads
#   Decrease Java thread stack sizes (-Xss)
#   Set larger code cache with -XX:ReservedCodeCacheSize=
# This output file may be truncated or incomplete.
#
#  Out of Memory Error (src/hotspot/os/windows/os_windows.cpp:3627), pid=15820, tid=18752
#
# JRE version:  (11.0.15) (build )
# Java VM: OpenJDK 64-Bit Server VM (11.0.15+0-b2043.56-9505619, mixed mode, sharing, tiered, compressed oops, g1 gc, windows-amd64)
# No core dump will be written. Minidumps are not enabled by default on client versions of Windows
#

---------------  S U M M A R Y ------------

Command Line: git4idea.http.GitAskPassApp Username for 'https://github.com': 

Host: Intel(R) Xeon(R) W-2223 CPU @ 3.60GHz, 8 cores, 31G,  Windows 10 , 64 bit Build 19041 (10.0.19041.2913)
Time: Wed Jun 14 19:34:14 2023  Windows 10 , 64 bit Build 19041 (10.0.19041.2913) elapsed time: 0.012874 seconds (0d 0h 0m 0s)

---------------  T H R E A D  ---------------

Current thread (0x0000024030c7e000):  JavaThread "Unknown thread" [_thread_in_vm, id=18752, stack(0x00000043fc400000,0x00000043fc500000)]

Stack: [0x00000043fc400000,0x00000043fc500000]
Native frames: (J=compiled Java code, j=interpreted, Vv=VM code, C=native code)
V  [jvm.dll+0x64135a]
V  [jvm.dll+0x7d39f9]
V  [jvm.dll+0x7d51b9]
V  [jvm.dll+0x7d58a3]
V  [jvm.dll+0x2691c5]
V  [jvm.dll+0x63e4e9]
V  [jvm.dll+0x632985]
V  [jvm.dll+0x3231ac]
V  [jvm.dll+0x323032]
V  [jvm.dll+0x327c06]
V  [jvm.dll+0x36ffa2]
V  [jvm.dll+0x36fa01]
V  [jvm.dll+0x2fea28]
V  [jvm.dll+0x2ffb25]
V  [jvm.dll+0x7accd7]
V  [jvm.dll+0x7ae49f]
V  [jvm.dll+0x37d299]
V  [jvm.dll+0x78ef9f]
V  [jvm.dll+0x3ec847]
V  [jvm.dll+0x3eed31]
C  [jli.dll+0x52cb]
C  [ucrtbase.dll+0x21bb2]
C  [KERNEL32.DLL+0x17614]
C  [ntdll.dll+0x526a1]


---------------  P R O C E S S  ---------------

Threads class SMR info:
_java_thread_list=0x0000024030ba3090, length=0, elements={
}

Java Threads: ( => current thread )

Other Threads:
  0x0000024030d3e000 GCTaskThread "GC Thread#0" [stack: 0x00000043fc500000,0x00000043fc600000] [id=23248]
  0x0000024030dbb800 ConcurrentGCThread "G1 Main Marker" [stack: 0x00000043fc600000,0x00000043fc700000] [id=15200]
  0x0000024030dbd000 ConcurrentGCThread "G1 Conc#0" [stack: 0x00000043fc700000,0x00000043fc800000] [id=14116]

[error occurred during error reporting (printing all threads), id 0xc0000005, EXCEPTION_ACCESS_VIOLATION (0xc0000005) at pc=0x00007fff1eb3f3e7]

VM state:not at safepoint (not fully initialized)

VM Mutex/Monitor currently owned by a thread:  ([mutex/lock_event])
[0x0000024030c7aad0] Heap_lock - owner thread: 0x0000024030c7e000

Heap address: 0x0000000604400000, size: 8124 MB, Compressed Oops mode: Non-zero based: 0x0000000604400000
Narrow klass base: 0x0000000000000000, Narrow klass shift: 0

GC Heap History (0 events):
No events

Deoptimization events (0 events):
No events

Classes redefined (0 events):
No events

Internal exceptions (0 events):
No events

Events (1 events):
Event: 0.009 Loaded shared library C:\Program Files\Android\Android Studio\jbr\bin\zip.dll


Dynamic libraries:
0x00007ff635180000 - 0x00007ff63518a000 	C:\Program Files\Android\Android Studio\jbr\bin\java.exe
0x00007fffa3190000 - 0x00007fffa3388000 	C:\WINDOWS\SYSTEM32\ntdll.dll
0x00007fffa2120000 - 0x00007fffa21df000 	C:\WINDOWS\System32\KERNEL32.DLL
0x00007fffa08f0000 - 0x00007fffa0be6000 	C:\WINDOWS\System32\KERNELBASE.dll
0x00007fffa0c90000 - 0x00007fffa0d90000 	C:\WINDOWS\System32\ucrtbase.dll
0x00007fff536e0000 - 0x00007fff536fb000 	C:\Program Files\Android\Android Studio\jbr\bin\VCRUNTIME140.dll
0x00007fff6a630000 - 0x00007fff6a647000 	C:\Program Files\Android\Android Studio\jbr\bin\jli.dll
0x00007fffa19c0000 - 0x00007fffa1b5d000 	C:\WINDOWS\System32\USER32.dll
0x00007fffa0ff0000 - 0x00007fffa1012000 	C:\WINDOWS\System32\win32u.dll
0x00007fffa21e0000 - 0x00007fffa220c000 	C:\WINDOWS\System32\GDI32.dll
0x00007fffa0ed0000 - 0x00007fffa0fe5000 	C:\WINDOWS\System32\gdi32full.dll
0x00007fff88c00000 - 0x00007fff88e9a000 	C:\WINDOWS\WinSxS\amd64_microsoft.windows.common-controls_6595b64144ccf1df_6.0.19041.1110_none_60b5254171f9507e\COMCTL32.dll
0x00007fffa0bf0000 - 0x00007fffa0c8d000 	C:\WINDOWS\System32\msvcp_win.dll
0x00007fffa13c0000 - 0x00007fffa145e000 	C:\WINDOWS\System32\msvcrt.dll
0x00007fffa1330000 - 0x00007fffa1360000 	C:\WINDOWS\System32\IMM32.DLL
0x00007fff8e4e0000 - 0x00007fff8e4ec000 	C:\Program Files\Android\Android Studio\jbr\bin\vcruntime140_1.dll
0x00007fff49f70000 - 0x00007fff49ffd000 	C:\Program Files\Android\Android Studio\jbr\bin\msvcp140.dll
0x00007fff1e830000 - 0x00007fff1f3ec000 	C:\Program Files\Android\Android Studio\jbr\bin\server\jvm.dll
0x00007fffa1f60000 - 0x00007fffa200f000 	C:\WINDOWS\System32\ADVAPI32.dll
0x00007fffa2eb0000 - 0x00007fffa2f4c000 	C:\WINDOWS\System32\sechost.dll
0x00007fffa2a20000 - 0x00007fffa2b46000 	C:\WINDOWS\System32\RPCRT4.dll
0x00007fffa2210000 - 0x00007fffa2218000 	C:\WINDOWS\System32\PSAPI.DLL
0x00007fff8e750000 - 0x00007fff8e777000 	C:\WINDOWS\SYSTEM32\WINMM.dll
0x00007fff99110000 - 0x00007fff9911a000 	C:\WINDOWS\SYSTEM32\VERSION.dll
0x00007fff9b760000 - 0x00007fff9b769000 	C:\WINDOWS\SYSTEM32\WSOCK32.dll
0x00007fffa1930000 - 0x00007fffa199b000 	C:\WINDOWS\System32\WS2_32.dll
0x00007fff9e750000 - 0x00007fff9e762000 	C:\WINDOWS\SYSTEM32\kernel.appcore.dll
0x00007fff6d770000 - 0x00007fff6d780000 	C:\Program Files\Android\Android Studio\jbr\bin\verify.dll
0x00007fff8aae0000 - 0x00007fff8acc4000 	C:\WINDOWS\SYSTEM32\DBGHELP.DLL
0x00007fff871a0000 - 0x00007fff871d4000 	C:\WINDOWS\SYSTEM32\dbgcore.DLL
0x00007fffa0e40000 - 0x00007fffa0ec2000 	C:\WINDOWS\System32\bcryptPrimitives.dll
0x00007fff38f70000 - 0x00007fff38f98000 	C:\Program Files\Android\Android Studio\jbr\bin\java.dll
0x00007fff6d270000 - 0x00007fff6d27a000 	C:\Program Files\Android\Android Studio\jbr\bin\jimage.dll
0x00007fff51190000 - 0x00007fff511a8000 	C:\Program Files\Android\Android Studio\jbr\bin\zip.dll

dbghelp: loaded successfully - version: 4.0.5 - missing functions: none
symbol engine: initialized successfully - sym options: 0x614 - pdb path: .;C:\Program Files\Android\Android Studio\jbr\bin;C:\WINDOWS\SYSTEM32;C:\WINDOWS\WinSxS\amd64_microsoft.windows.common-controls_6595b64144ccf1df_6.0.19041.1110_none_60b5254171f9507e;C:\Program Files\Android\Android Studio\jbr\bin\server

VM Arguments:
java_command: git4idea.http.GitAskPassApp Username for 'https://github.com': 
java_class_path (initial): C:/Program Files/Android/Android Studio/plugins/git4idea/lib/git4idea-rt.jar;C:/Program Files/Android/Android Studio/lib/externalProcess-rt.jar;C:/Program Files/Android/Android Studio/lib/app.jar;C:/Program Files/Android/Android Studio/lib/3rd-party-rt.jar
Launcher Type: SUN_STANDARD

[Global flags]
     intx CICompilerCount                          = 4                                         {product} {ergonomic}
     uint ConcGCThreads                            = 2                                         {product} {ergonomic}
     uint G1ConcRefinementThreads                  = 8                                         {product} {ergonomic}
   size_t G1HeapRegionSize                         = 2097152                                   {product} {ergonomic}
    uintx GCDrainStackTargetSize                   = 64                                        {product} {ergonomic}
   size_t InitialHeapSize                          = 532676608                                 {product} {ergonomic}
   size_t MarkStackSize                            = 4194304                                   {product} {ergonomic}
   size_t MaxHeapSize                              = 8518631424                                {product} {ergonomic}
   size_t MinHeapDeltaBytes                        = 2097152                                   {product} {ergonomic}
    uintx NonNMethodCodeHeapSize                   = 5836300                                {pd product} {ergonomic}
    uintx NonProfiledCodeHeapSize                  = 122910970                              {pd product} {ergonomic}
    uintx ProfiledCodeHeapSize                     = 122910970                              {pd product} {ergonomic}
    uintx ReservedCodeCacheSize                    = 251658240                              {pd product} {ergonomic}
     bool SegmentedCodeCache                       = true                                      {product} {ergonomic}
     bool UseCompressedClassPointers               = true                                 {lp64_product} {ergonomic}
     bool UseCompressedOops                        = true                                 {lp64_product} {ergonomic}
     bool UseG1GC                                  = true                                      {product} {ergonomic}
     bool UseLargePagesIndividualAllocation        = false                                  {pd product} {ergonomic}

Logging:
Log output configuration:
 #0: stdout all=warning uptime,level,tags
 #1: stderr all=off uptime,level,tags

Environment Variables:
JAVA_HOME=C:\Program Files\Java\jdk-19\bin
CLASSPATH=C:\Program Files\Java\jdk-19.0.2\lib
PATH=C:/Program Files/Git/mingw64/libexec/git-core;C:/Program Files/Git/mingw64/libexec/git-core;C:\Program Files\Git\mingw64\bin;C:\Program Files\Git\usr\bin;C:\Users\pc1\bin;C:\Program Files\NVIDIA GPU Computing Toolkit\CUDA\v12.1\bin;C:\Program Files\NVIDIA GPU Computing Toolkit\CUDA\v12.1\libnvvp;C:\Program Files\Microsoft\jdk-11.0.16.101-hotspot\bin;C:\Program Files\Common Files\Oracle\Java\javapath;C:\windows\system32;C:\windows;C:\windows\System32\Wbem;C:\windows\System32\WindowsPowerShell\v1.0\;C:\windows\System32\OpenSSH\;C:\Program Files (x86)\NVIDIA Corporation\PhysX\Common;C:\Program Files\NVIDIA Corporation\NVIDIA NvDLISR;c:\Program Files (x86)\HP\HP Performance Advisor;C:\WINDOWS\system32;C:\WINDOWS;C:\WINDOWS\System32\Wbem;C:\WINDOWS\System32\WindowsPowerShell\v1.0\;C:\WINDOWS\System32\OpenSSH\;C:\Program Files\PuTTY\;C:\Program Files\Git\cmd;C:\Program Files\Java\jdk-19.0.2\bin\;C:\Program Files\Bandizip\;C:\Program Files\Graphviz\bin;C:\Program Files\Microsoft SQL Server\150\Tools\Binn\;C:\Program Files\Microsoft SQL Server\Client SDK\ODBC\170\Tools\Binn\;C:\Program Files\dotnet\;C:\Program Files\NVIDIA Corporation\Nsight Compute 2023.1.0\;C:\Users\pc1\AppData\Local\Microsoft\WindowsApps;C:\Users\pc1\.dotnet\tools
USERNAME=pc1
DISPLAY=:0.0
LC_ALL=en_US.UTF-8
OS=Windows_NT
PROCESSOR_IDENTIFIER=Intel64 Family 6 Model 85 Stepping 7, GenuineIntel



---------------  S Y S T E M  ---------------

OS: Windows 10 , 64 bit Build 19041 (10.0.19041.2913)
OS uptime: 2 days 10:01 hours

CPU:total 8 (initial active 8) (4 cores per cpu, 2 threads per core) family 6 model 85 stepping 7 microcode 0x5003103, cmov, cx8, fxsr, mmx, sse, sse2, sse3, ssse3, sse4.1, sse4.2, popcnt, avx, avx2, aes, clmul, erms, 3dnowpref, lzcnt, ht, tsc, tscinvbit, bmi1, bmi2, adx, evex, fma

Memory: 4k page, system-wide physical 32495M (14256M free)
TotalPageFile size 36591M (AvailPageFile size 249M)
current process WorkingSet (physical memory assigned to process): 10M, peak: 10M
current process commit charge ("private bytes"): 60M, peak: 568M

vm_info: OpenJDK 64-Bit Server VM (11.0.15+0-b2043.56-9505619) for windows-amd64 JRE (11.0.15+0-b2043.56-9505619), built on Jan 19 2023 02:48:00 by "builduser" with unknown MS VC++:1929

END.
